have_func: checking for random()... -------------------- yes

DYLD_LIBRARY_PATH=.:/opt/homebrew/Cellar/ruby/4.0.0/lib LSAN_OPTIONS=detect_leaks=0 "clang -o conftest -I/opt/homebrew/Cellar/ruby/4.0.0/include/ruby-4.0.0/arm64-darwin24 -I/opt/homebrew/Cellar/ruby/4.0.0/include/ruby-4.0.0/ruby/backward -I/opt/homebrew/Cellar/ruby/4.0.0/include/ruby-4.0.0 -I. -I/opt/homebrew/opt/libyaml/include -I/opt/homebrew/opt/openssl@3/include -D_XOPEN_SOURCE -D_DARWIN_C_SOURCE -D_DARWIN_UNLIMITED_SELECT -D_REENTRANT   -Wno-error=implicit-int conftest.c -L. -L/opt/homebrew/Cellar/ruby/4.0.0/lib -L/opt/homebrew/opt/libyaml/lib -L/opt/homebrew/opt/openssl@3/lib -L. -fstack-protector-strong -L/opt/homebrew/Cellar/libyaml/0.2.5/lib -L/opt/homebrew/Cellar/openssl@3/3.6.0/lib  -arch arm64   -lruby.4.0  -lpthread  "
checked program was:
/* begin */
1: #include "ruby.h"
2: 
3: int main(int argc, char **argv)
4: {
5:   return !!argv[argc];
6: }
/* end */

DYLD_LIBRARY_PATH=.:/opt/homebrew/Cellar/ruby/4.0.0/lib LSAN_OPTIONS=detect_leaks=0 "clang -o conftest -I/opt/homebrew/Cellar/ruby/4.0.0/include/ruby-4.0.0/arm64-darwin24 -I/opt/homebrew/Cellar/ruby/4.0.0/include/ruby-4.0.0/ruby/backward -I/opt/homebrew/Cellar/ruby/4.0.0/include/ruby-4.0.0 -I. -I/opt/homebrew/opt/libyaml/include -I/opt/homebrew/opt/openssl@3/include -D_XOPEN_SOURCE -D_DARWIN_C_SOURCE -D_DARWIN_UNLIMITED_SELECT -D_REENTRANT   -Wno-error=implicit-int conftest.c -L. -L/opt/homebrew/Cellar/ruby/4.0.0/lib -L/opt/homebrew/opt/libyaml/lib -L/opt/homebrew/opt/openssl@3/lib -L. -fstack-protector-strong -L/opt/homebrew/Cellar/libyaml/0.2.5/lib -L/opt/homebrew/Cellar/openssl@3/3.6.0/lib  -arch arm64   -lruby.4.0  -lpthread  "
checked program was:
/* begin */
 1: #include "ruby.h"
 2: 
 3: /*top*/
 4: extern int t(void);
 5: int main(int argc, char **argv)
 6: {
 7:   if (argc > 1000000) {
 8:     int (* volatile tp)(void)=(int (*)(void))&t;
 9:     printf("%d", (*tp)());
10:   }
11: 
12:   return !!argv[argc];
13: }
14: int t(void) { void ((*volatile p)()); p = (void ((*)()))random; return !p; }
/* end */

--------------------

have_func: checking for srandom()... -------------------- yes

DYLD_LIBRARY_PATH=.:/opt/homebrew/Cellar/ruby/4.0.0/lib LSAN_OPTIONS=detect_leaks=0 "clang -o conftest -I/opt/homebrew/Cellar/ruby/4.0.0/include/ruby-4.0.0/arm64-darwin24 -I/opt/homebrew/Cellar/ruby/4.0.0/include/ruby-4.0.0/ruby/backward -I/opt/homebrew/Cellar/ruby/4.0.0/include/ruby-4.0.0 -I. -I/opt/homebrew/opt/libyaml/include -I/opt/homebrew/opt/openssl@3/include -D_XOPEN_SOURCE -D_DARWIN_C_SOURCE -D_DARWIN_UNLIMITED_SELECT -D_REENTRANT   -Wno-error=implicit-int conftest.c -L. -L/opt/homebrew/Cellar/ruby/4.0.0/lib -L/opt/homebrew/opt/libyaml/lib -L/opt/homebrew/opt/openssl@3/lib -L. -fstack-protector-strong -L/opt/homebrew/Cellar/libyaml/0.2.5/lib -L/opt/homebrew/Cellar/openssl@3/3.6.0/lib  -arch arm64   -lruby.4.0  -lpthread  "
checked program was:
/* begin */
 1: #include "ruby.h"
 2: 
 3: /*top*/
 4: extern int t(void);
 5: int main(int argc, char **argv)
 6: {
 7:   if (argc > 1000000) {
 8:     int (* volatile tp)(void)=(int (*)(void))&t;
 9:     printf("%d", (*tp)());
10:   }
11: 
12:   return !!argv[argc];
13: }
14: int t(void) { void ((*volatile p)()); p = (void ((*)()))srandom; return !p; }
/* end */

--------------------

have_func: checking for rand()... -------------------- yes

DYLD_LIBRARY_PATH=.:/opt/homebrew/Cellar/ruby/4.0.0/lib LSAN_OPTIONS=detect_leaks=0 "clang -o conftest -I/opt/homebrew/Cellar/ruby/4.0.0/include/ruby-4.0.0/arm64-darwin24 -I/opt/homebrew/Cellar/ruby/4.0.0/include/ruby-4.0.0/ruby/backward -I/opt/homebrew/Cellar/ruby/4.0.0/include/ruby-4.0.0 -I. -I/opt/homebrew/opt/libyaml/include -I/opt/homebrew/opt/openssl@3/include -D_XOPEN_SOURCE -D_DARWIN_C_SOURCE -D_DARWIN_UNLIMITED_SELECT -D_REENTRANT   -Wno-error=implicit-int conftest.c -L. -L/opt/homebrew/Cellar/ruby/4.0.0/lib -L/opt/homebrew/opt/libyaml/lib -L/opt/homebrew/opt/openssl@3/lib -L. -fstack-protector-strong -L/opt/homebrew/Cellar/libyaml/0.2.5/lib -L/opt/homebrew/Cellar/openssl@3/3.6.0/lib  -arch arm64   -lruby.4.0  -lpthread  "
checked program was:
/* begin */
 1: #include "ruby.h"
 2: 
 3: /*top*/
 4: extern int t(void);
 5: int main(int argc, char **argv)
 6: {
 7:   if (argc > 1000000) {
 8:     int (* volatile tp)(void)=(int (*)(void))&t;
 9:     printf("%d", (*tp)());
10:   }
11: 
12:   return !!argv[argc];
13: }
14: int t(void) { void ((*volatile p)()); p = (void ((*)()))rand; return !p; }
/* end */

--------------------

have_func: checking for srand()... -------------------- yes

DYLD_LIBRARY_PATH=.:/opt/homebrew/Cellar/ruby/4.0.0/lib LSAN_OPTIONS=detect_leaks=0 "clang -o conftest -I/opt/homebrew/Cellar/ruby/4.0.0/include/ruby-4.0.0/arm64-darwin24 -I/opt/homebrew/Cellar/ruby/4.0.0/include/ruby-4.0.0/ruby/backward -I/opt/homebrew/Cellar/ruby/4.0.0/include/ruby-4.0.0 -I. -I/opt/homebrew/opt/libyaml/include -I/opt/homebrew/opt/openssl@3/include -D_XOPEN_SOURCE -D_DARWIN_C_SOURCE -D_DARWIN_UNLIMITED_SELECT -D_REENTRANT   -Wno-error=implicit-int conftest.c -L. -L/opt/homebrew/Cellar/ruby/4.0.0/lib -L/opt/homebrew/opt/libyaml/lib -L/opt/homebrew/opt/openssl@3/lib -L. -fstack-protector-strong -L/opt/homebrew/Cellar/libyaml/0.2.5/lib -L/opt/homebrew/Cellar/openssl@3/3.6.0/lib  -arch arm64   -lruby.4.0  -lpthread  "
checked program was:
/* begin */
 1: #include "ruby.h"
 2: 
 3: /*top*/
 4: extern int t(void);
 5: int main(int argc, char **argv)
 6: {
 7:   if (argc > 1000000) {
 8:     int (* volatile tp)(void)=(int (*)(void))&t;
 9:     printf("%d", (*tp)());
10:   }
11: 
12:   return !!argv[argc];
13: }
14: int t(void) { void ((*volatile p)()); p = (void ((*)()))srand; return !p; }
/* end */

--------------------

check_sizeof: checking size of unsigned long... -------------------- 8

DYLD_LIBRARY_PATH=.:/opt/homebrew/Cellar/ruby/4.0.0/lib LSAN_OPTIONS=detect_leaks=0 "clang -I/opt/homebrew/Cellar/ruby/4.0.0/include/ruby-4.0.0/arm64-darwin24 -I/opt/homebrew/Cellar/ruby/4.0.0/include/ruby-4.0.0/ruby/backward -I/opt/homebrew/Cellar/ruby/4.0.0/include/ruby-4.0.0 -I. -I/opt/homebrew/opt/libyaml/include -I/opt/homebrew/opt/openssl@3/include -D_XOPEN_SOURCE -D_DARWIN_C_SOURCE -D_DARWIN_UNLIMITED_SELECT -D_REENTRANT   -Wno-error=implicit-int -arch arm64  -c conftest.c"
conftest.c:7:20: error: 'conftest_const' declared as an array with a negative size
    7 | int conftest_const[(sizeof((*rbcv_ptr_)) < 0) ? 1 : -1];
      |                    ^~~~~~~~~~~~~~~~~~~~~~~~~~~~~~~~~~~
1 error generated.
checked program was:
/* begin */
1: #include "ruby.h"
2: 
3: typedef unsigned long rbcv_typedef_;
4: rbcv_typedef_ *rbcv_ptr_;
5: 
6: /*top*/
7: int conftest_const[(sizeof((*rbcv_ptr_)) < 0) ? 1 : -1];
/* end */

DYLD_LIBRARY_PATH=.:/opt/homebrew/Cellar/ruby/4.0.0/lib LSAN_OPTIONS=detect_leaks=0 "clang -o conftest -I/opt/homebrew/Cellar/ruby/4.0.0/include/ruby-4.0.0/arm64-darwin24 -I/opt/homebrew/Cellar/ruby/4.0.0/include/ruby-4.0.0/ruby/backward -I/opt/homebrew/Cellar/ruby/4.0.0/include/ruby-4.0.0 -I. -I/opt/homebrew/opt/libyaml/include -I/opt/homebrew/opt/openssl@3/include -D_XOPEN_SOURCE -D_DARWIN_C_SOURCE -D_DARWIN_UNLIMITED_SELECT -D_REENTRANT   -Wno-error=implicit-int conftest.c -L. -L/opt/homebrew/Cellar/ruby/4.0.0/lib -L/opt/homebrew/opt/libyaml/lib -L/opt/homebrew/opt/openssl@3/lib -L. -fstack-protector-strong -L/opt/homebrew/Cellar/libyaml/0.2.5/lib -L/opt/homebrew/Cellar/openssl@3/3.6.0/lib  -arch arm64   -lruby.4.0  -lpthread  "
checked program was:
/* begin */
 1: #include "ruby.h"
 2: 
 3: typedef unsigned long rbcv_typedef_;
 4: rbcv_typedef_ *rbcv_ptr_;
 5: 
 6: #include <stdio.h>
 7: /*top*/
 8: typedef unsigned
 9: #ifdef PRI_LL_PREFIX
10: #define PRI_CONFTEST_PREFIX PRI_LL_PREFIX
11: LONG_LONG
12: #else
13: #define PRI_CONFTEST_PREFIX "l"
14: long
15: #endif
16: conftest_type;
17: conftest_type conftest_const = (conftest_type)(sizeof((*rbcv_ptr_)));
18: int main() {printf("%"PRI_CONFTEST_PREFIX"u\n", conftest_const); return 0;}
/* end */

DYLD_LIBRARY_PATH=.:/opt/homebrew/Cellar/ruby/4.0.0/lib LSAN_OPTIONS=detect_leaks=0 ./conftest |
--------------------

check_sizeof: checking size of unsigned int... -------------------- 4

DYLD_LIBRARY_PATH=.:/opt/homebrew/Cellar/ruby/4.0.0/lib LSAN_OPTIONS=detect_leaks=0 "clang -I/opt/homebrew/Cellar/ruby/4.0.0/include/ruby-4.0.0/arm64-darwin24 -I/opt/homebrew/Cellar/ruby/4.0.0/include/ruby-4.0.0/ruby/backward -I/opt/homebrew/Cellar/ruby/4.0.0/include/ruby-4.0.0 -I. -I/opt/homebrew/opt/libyaml/include -I/opt/homebrew/opt/openssl@3/include -D_XOPEN_SOURCE -D_DARWIN_C_SOURCE -D_DARWIN_UNLIMITED_SELECT -D_REENTRANT   -Wno-error=implicit-int -arch arm64  -c conftest.c"
conftest.c:7:20: error: 'conftest_const' declared as an array with a negative size
    7 | int conftest_const[(sizeof((*rbcv_ptr_)) < 0) ? 1 : -1];
      |                    ^~~~~~~~~~~~~~~~~~~~~~~~~~~~~~~~~~~
1 error generated.
checked program was:
/* begin */
1: #include "ruby.h"
2: 
3: typedef unsigned int rbcv_typedef_;
4: rbcv_typedef_ *rbcv_ptr_;
5: 
6: /*top*/
7: int conftest_const[(sizeof((*rbcv_ptr_)) < 0) ? 1 : -1];
/* end */

DYLD_LIBRARY_PATH=.:/opt/homebrew/Cellar/ruby/4.0.0/lib LSAN_OPTIONS=detect_leaks=0 "clang -o conftest -I/opt/homebrew/Cellar/ruby/4.0.0/include/ruby-4.0.0/arm64-darwin24 -I/opt/homebrew/Cellar/ruby/4.0.0/include/ruby-4.0.0/ruby/backward -I/opt/homebrew/Cellar/ruby/4.0.0/include/ruby-4.0.0 -I. -I/opt/homebrew/opt/libyaml/include -I/opt/homebrew/opt/openssl@3/include -D_XOPEN_SOURCE -D_DARWIN_C_SOURCE -D_DARWIN_UNLIMITED_SELECT -D_REENTRANT   -Wno-error=implicit-int conftest.c -L. -L/opt/homebrew/Cellar/ruby/4.0.0/lib -L/opt/homebrew/opt/libyaml/lib -L/opt/homebrew/opt/openssl@3/lib -L. -fstack-protector-strong -L/opt/homebrew/Cellar/libyaml/0.2.5/lib -L/opt/homebrew/Cellar/openssl@3/3.6.0/lib  -arch arm64   -lruby.4.0  -lpthread  "
checked program was:
/* begin */
 1: #include "ruby.h"
 2: 
 3: typedef unsigned int rbcv_typedef_;
 4: rbcv_typedef_ *rbcv_ptr_;
 5: 
 6: #include <stdio.h>
 7: /*top*/
 8: typedef unsigned
 9: #ifdef PRI_LL_PREFIX
10: #define PRI_CONFTEST_PREFIX PRI_LL_PREFIX
11: LONG_LONG
12: #else
13: #define PRI_CONFTEST_PREFIX "l"
14: long
15: #endif
16: conftest_type;
17: conftest_type conftest_const = (conftest_type)(sizeof((*rbcv_ptr_)));
18: int main() {printf("%"PRI_CONFTEST_PREFIX"u\n", conftest_const); return 0;}
/* end */

DYLD_LIBRARY_PATH=.:/opt/homebrew/Cellar/ruby/4.0.0/lib LSAN_OPTIONS=detect_leaks=0 ./conftest |
--------------------

check_sizeof: checking size of unsigned int... -------------------- 4

DYLD_LIBRARY_PATH=.:/opt/homebrew/Cellar/ruby/4.0.0/lib LSAN_OPTIONS=detect_leaks=0 "clang -I/opt/homebrew/Cellar/ruby/4.0.0/include/ruby-4.0.0/arm64-darwin24 -I/opt/homebrew/Cellar/ruby/4.0.0/include/ruby-4.0.0/ruby/backward -I/opt/homebrew/Cellar/ruby/4.0.0/include/ruby-4.0.0 -I. -I/opt/homebrew/opt/libyaml/include -I/opt/homebrew/opt/openssl@3/include -D_XOPEN_SOURCE -D_DARWIN_C_SOURCE -D_DARWIN_UNLIMITED_SELECT -D_REENTRANT   -Wno-error=implicit-int -arch arm64  -c conftest.c"
conftest.c:7:20: error: 'conftest_const' declared as an array with a negative size
    7 | int conftest_const[(sizeof((*rbcv_ptr_)) < 0) ? 1 : -1];
      |                    ^~~~~~~~~~~~~~~~~~~~~~~~~~~~~~~~~~~
1 error generated.
checked program was:
/* begin */
1: #include "ruby.h"
2: 
3: typedef unsigned int rbcv_typedef_;
4: rbcv_typedef_ *rbcv_ptr_;
5: 
6: /*top*/
7: int conftest_const[(sizeof((*rbcv_ptr_)) < 0) ? 1 : -1];
/* end */

DYLD_LIBRARY_PATH=.:/opt/homebrew/Cellar/ruby/4.0.0/lib LSAN_OPTIONS=detect_leaks=0 "clang -o conftest -I/opt/homebrew/Cellar/ruby/4.0.0/include/ruby-4.0.0/arm64-darwin24 -I/opt/homebrew/Cellar/ruby/4.0.0/include/ruby-4.0.0/ruby/backward -I/opt/homebrew/Cellar/ruby/4.0.0/include/ruby-4.0.0 -I. -I/opt/homebrew/opt/libyaml/include -I/opt/homebrew/opt/openssl@3/include -D_XOPEN_SOURCE -D_DARWIN_C_SOURCE -D_DARWIN_UNLIMITED_SELECT -D_REENTRANT   -Wno-error=implicit-int conftest.c -L. -L/opt/homebrew/Cellar/ruby/4.0.0/lib -L/opt/homebrew/opt/libyaml/lib -L/opt/homebrew/opt/openssl@3/lib -L. -fstack-protector-strong -L/opt/homebrew/Cellar/libyaml/0.2.5/lib -L/opt/homebrew/Cellar/openssl@3/3.6.0/lib  -arch arm64   -lruby.4.0  -lpthread  "
checked program was:
/* begin */
 1: #include "ruby.h"
 2: 
 3: typedef unsigned int rbcv_typedef_;
 4: rbcv_typedef_ *rbcv_ptr_;
 5: 
 6: #include <stdio.h>
 7: /*top*/
 8: typedef unsigned
 9: #ifdef PRI_LL_PREFIX
10: #define PRI_CONFTEST_PREFIX PRI_LL_PREFIX
11: LONG_LONG
12: #else
13: #define PRI_CONFTEST_PREFIX "l"
14: long
15: #endif
16: conftest_type;
17: conftest_type conftest_const = (conftest_type)(sizeof((*rbcv_ptr_)));
18: int main() {printf("%"PRI_CONFTEST_PREFIX"u\n", conftest_const); return 0;}
/* end */

DYLD_LIBRARY_PATH=.:/opt/homebrew/Cellar/ruby/4.0.0/lib LSAN_OPTIONS=detect_leaks=0 ./conftest |
--------------------

check_sizeof: checking size of unsigned short... -------------------- 2

DYLD_LIBRARY_PATH=.:/opt/homebrew/Cellar/ruby/4.0.0/lib LSAN_OPTIONS=detect_leaks=0 "clang -I/opt/homebrew/Cellar/ruby/4.0.0/include/ruby-4.0.0/arm64-darwin24 -I/opt/homebrew/Cellar/ruby/4.0.0/include/ruby-4.0.0/ruby/backward -I/opt/homebrew/Cellar/ruby/4.0.0/include/ruby-4.0.0 -I. -I/opt/homebrew/opt/libyaml/include -I/opt/homebrew/opt/openssl@3/include -D_XOPEN_SOURCE -D_DARWIN_C_SOURCE -D_DARWIN_UNLIMITED_SELECT -D_REENTRANT   -Wno-error=implicit-int -arch arm64  -c conftest.c"
conftest.c:7:20: error: 'conftest_const' declared as an array with a negative size
    7 | int conftest_const[(sizeof((*rbcv_ptr_)) < 0) ? 1 : -1];
      |                    ^~~~~~~~~~~~~~~~~~~~~~~~~~~~~~~~~~~
1 error generated.
checked program was:
/* begin */
1: #include "ruby.h"
2: 
3: typedef unsigned short rbcv_typedef_;
4: rbcv_typedef_ *rbcv_ptr_;
5: 
6: /*top*/
7: int conftest_const[(sizeof((*rbcv_ptr_)) < 0) ? 1 : -1];
/* end */

DYLD_LIBRARY_PATH=.:/opt/homebrew/Cellar/ruby/4.0.0/lib LSAN_OPTIONS=detect_leaks=0 "clang -o conftest -I/opt/homebrew/Cellar/ruby/4.0.0/include/ruby-4.0.0/arm64-darwin24 -I/opt/homebrew/Cellar/ruby/4.0.0/include/ruby-4.0.0/ruby/backward -I/opt/homebrew/Cellar/ruby/4.0.0/include/ruby-4.0.0 -I. -I/opt/homebrew/opt/libyaml/include -I/opt/homebrew/opt/openssl@3/include -D_XOPEN_SOURCE -D_DARWIN_C_SOURCE -D_DARWIN_UNLIMITED_SELECT -D_REENTRANT   -Wno-error=implicit-int conftest.c -L. -L/opt/homebrew/Cellar/ruby/4.0.0/lib -L/opt/homebrew/opt/libyaml/lib -L/opt/homebrew/opt/openssl@3/lib -L. -fstack-protector-strong -L/opt/homebrew/Cellar/libyaml/0.2.5/lib -L/opt/homebrew/Cellar/openssl@3/3.6.0/lib  -arch arm64   -lruby.4.0  -lpthread  "
checked program was:
/* begin */
 1: #include "ruby.h"
 2: 
 3: typedef unsigned short rbcv_typedef_;
 4: rbcv_typedef_ *rbcv_ptr_;
 5: 
 6: #include <stdio.h>
 7: /*top*/
 8: typedef unsigned
 9: #ifdef PRI_LL_PREFIX
10: #define PRI_CONFTEST_PREFIX PRI_LL_PREFIX
11: LONG_LONG
12: #else
13: #define PRI_CONFTEST_PREFIX "l"
14: long
15: #endif
16: conftest_type;
17: conftest_type conftest_const = (conftest_type)(sizeof((*rbcv_ptr_)));
18: int main() {printf("%"PRI_CONFTEST_PREFIX"u\n", conftest_const); return 0;}
/* end */

DYLD_LIBRARY_PATH=.:/opt/homebrew/Cellar/ruby/4.0.0/lib LSAN_OPTIONS=detect_leaks=0 ./conftest |
--------------------

